[debug] [2022-01-31T16:53:34.388Z] ----------------------------------------------------------------------
[debug] [2022-01-31T16:53:34.391Z] Command:       C:\Program Files\nodejs\node.exe C:\Users\dilan\AppData\Roaming\npm\node_modules\firebase-tools\lib\bin\firebase.js init
[debug] [2022-01-31T16:53:34.392Z] CLI Version:   10.1.2
[debug] [2022-01-31T16:53:34.392Z] Platform:      win32
[debug] [2022-01-31T16:53:34.392Z] Node Version:  v16.13.2
[debug] [2022-01-31T16:53:34.410Z] Time:          Mon Jan 31 2022 16:53:34 GMT+0000 (Greenwich Mean Time)
[debug] [2022-01-31T16:53:34.411Z] ----------------------------------------------------------------------
[debug] 
[debug] [2022-01-31T16:53:34.494Z] > command requires scopes: ["email","openid","https://www.googleapis.com/auth/cloudplatformprojects.readonly","https://www.googleapis.com/auth/firebase","https://www.googleapis.com/auth/cloud-platform"]
[debug] [2022-01-31T16:53:34.495Z] > authorizing via signed-in user (ayselbulut1@gmail.com)
[info] 
     ######## #### ########  ######## ########     ###     ######  ########
     ##        ##  ##     ## ##       ##     ##  ##   ##  ##       ##
     ######    ##  ########  ######   ########  #########  ######  ######
     ##        ##  ##    ##  ##       ##     ## ##     ##       ## ##
     ##       #### ##     ## ######## ########  ##     ##  ######  ########

You're about to initialize a Firebase project in this directory:

  C:\Users\dilan\OneDrive\Desktop\makersG\shopping\amazon-clone

Before we get started, keep in mind:

  * You are initializing within an existing Firebase project directory

[info] 
=== Project Setup
[info] 
[info] First, let's associate this project directory with a Firebase project.
[info] You can create multiple project aliases by running firebase use --add, 
[info] but for now we'll just set up a default project.
[info] 
[debug] [2022-01-31T16:53:40.133Z] Using project from CLI flag: clone-fd766
[debug] [2022-01-31T16:53:40.139Z] > refreshing access token with scopes: []
[debug] [2022-01-31T16:53:40.140Z] >>> HTTP REQUEST POST https://www.googleapis.com/oauth2/v3/token  
 <request body omitted>
[debug] [2022-01-31T16:53:40.421Z] <<< HTTP RESPONSE 200 {"date":"Mon, 31 Jan 2022 16:53:39 GMT","pragma":"no-cache","expires":"Mon, 01 Jan 1990 00:00:00 GMT","cache-control":"no-cache, no-store, max-age=0, must-revalidate","content-type":"application/json; charset=utf-8","vary":"X-Origin, Referer, Origin,Accept-Encoding","server":"scaffolding on HTTPServer2","x-xss-protection":"0","x-frame-options":"SAMEORIGIN","x-content-type-options":"nosniff","alt-svc":"h3=\":443\"; ma=2592000,h3-29=\":443\"; ma=2592000,h3-Q050=\":443\"; ma=2592000,h3-Q046=\":443\"; ma=2592000,h3-Q043=\":443\"; ma=2592000,quic=\":443\"; ma=2592000; v=\"46,43\"","accept-ranges":"none","transfer-encoding":"chunked"}
[debug] [2022-01-31T16:53:40.439Z] >>> [apiv2][query] GET https://firebase.googleapis.com/v1beta1/projects/clone-fd766 [none]
[debug] [2022-01-31T16:53:40.689Z] <<< [apiv2][status] GET https://firebase.googleapis.com/v1beta1/projects/clone-fd766 200
[debug] [2022-01-31T16:53:40.689Z] <<< [apiv2][body] GET https://firebase.googleapis.com/v1beta1/projects/clone-fd766 {"projectId":"clone-fd766","projectNumber":"148508861195","displayName":"amazon-clone","name":"projects/clone-fd766","resources":{"hostingSite":"clone-fd766","realtimeDatabaseInstance":"clone-fd766-default-rtdb"},"state":"ACTIVE"}
[info] i  Using project clone-fd766 (amazon-clone) 
[info] 
=== Hosting Setup
[info] 
[info] Your public directory is the folder (relative to your project directory) that
[info] will contain Hosting assets to be uploaded with firebase deploy. If you
[info] have a build process for your assets, use your build's output directory.
[info] 
[debug] [2022-01-31T16:53:49.749Z] >>> [apiv2][query] GET https://www.gstatic.com/firebasejs/releases.json [none]
[debug] [2022-01-31T16:53:49.859Z] <<< [apiv2][status] GET https://www.gstatic.com/firebasejs/releases.json 200
[debug] [2022-01-31T16:53:49.859Z] <<< [apiv2][body] GET https://www.gstatic.com/firebasejs/releases.json {"current":{"version":"9.6.5","browserURL":"https://www.gstatic.com/firebasejs/9.6.5/firebase.js","packageURL":"https://www.gstatic.com/firebasejs/9.6.5/firebase.tgz"},"live":{"version":"9.6","browserURL":"https://www.gstatic.com/firebasejs/live/9.6/firebase.js","packageURL":"https://www.gstatic.com/firebasejs/live/9.6/firebase.tgz"},"components":{"analytics":"https://www.gstatic.com/firebasejs/9.6.5/firebase-analytics.js","app":"https://www.gstatic.com/firebasejs/9.6.5/firebase-app.js","app-check":"https://www.gstatic.com/firebasejs/9.6.5/firebase-app-check.js","auth":"https://www.gstatic.com/firebasejs/9.6.5/firebase-auth.js","auth/cordova":"https://www.gstatic.com/firebasejs/9.6.5/firebase-auth/cordova.js","auth/react-native":"https://www.gstatic.com/firebasejs/9.6.5/firebase-auth/react-native.js","functions":"https://www.gstatic.com/firebasejs/9.6.5/firebase-functions.js","firestore":"https://www.gstatic.com/firebasejs/9.6.5/firebase-firestore.js","firestore/lite":"https://www.gstatic.com/firebasejs/9.6.5/firebase-firestore/lite.js","storage":"https://www.gstatic.com/firebasejs/9.6.5/firebase-storage.js","performance":"https://www.gstatic.com/firebasejs/9.6.5/firebase-performance.js","remote-config":"https://www.gstatic.com/firebasejs/9.6.5/firebase-remote-config.js","messaging":"https://www.gstatic.com/firebasejs/9.6.5/firebase-messaging.js","messaging/sw":"https://www.gstatic.com/firebasejs/9.6.5/firebase-messaging/sw.js","database":"https://www.gstatic.com/firebasejs/9.6.5/firebase-database.js","firestore.memory":"https://www.gstatic.com/firebasejs/9.6.5/firebase-firestore.memory.js"}}
[info] +  Wrote y/index.html 
[info] 
[info] i  Detected a .git folder at C:\Users\dilan\OneDrive\Desktop\makersG\shopping 
[info] i  Authorizing with GitHub to upload your service account to a GitHub repository's secrets store. 
[info] 
[info] Visit this URL on this device to log in:
[info] https://github.com/login/oauth/authorize?client_id=89cf50f02ac6aaed3484&state=651215704&redirect_uri=http%3A%2F%2Flocalhost%3A9005&scope=read%3Auser%20repo%20public_repo
[info] 
[info] Waiting for authentication...
[debug] [2022-01-31T16:53:53.271Z] >>> HTTP REQUEST POST https://github.com/login/oauth/access_token  
 {"client_id":"89cf50f02ac6aaed3484","client_secret":"3330d14abc895d9a74d5f17cd7a00711fa2c5bf0","code":"a00b16a7913c5307f5e1","redirect_uri":"http://localhost:9005","state":"651215704"}
[debug] [2022-01-31T16:53:53.574Z] <<< HTTP RESPONSE 200 {"server":"GitHub.com","date":"Mon, 31 Jan 2022 16:53:52 GMT","content-type":"application/json; charset=utf-8","transfer-encoding":"chunked","vary":"X-PJAX, X-PJAX-Container, Accept-Encoding, Accept, X-Requested-With","permissions-policy":"interest-cohort=()","etag":"W/\"d64ed89c50ba7357c695b8bd8afea944\"","cache-control":"max-age=0, private, must-revalidate","strict-transport-security":"max-age=31536000; includeSubdomains; preload","x-frame-options":"deny","x-content-type-options":"nosniff","x-xss-protection":"0","referrer-policy":"origin-when-cross-origin, strict-origin-when-cross-origin","expect-ct":"max-age=2592000, report-uri=\"https://api.github.com/_private/browser/errors\"","content-security-policy":"default-src 'none'; base-uri 'self'; block-all-mixed-content; child-src github.com/assets-cdn/worker/ gist.github.com/assets-cdn/worker/; connect-src 'self' uploads.github.com objects-origin.githubusercontent.com www.githubstatus.com collector.githubapp.com api.github.com github-cloud.s3.amazonaws.com github-production-repository-file-5c1aeb.s3.amazonaws.com github-production-upload-manifest-file-7fdce7.s3.amazonaws.com github-production-user-asset-6210df.s3.amazonaws.com cdn.optimizely.com logx.optimizely.com/v1/events translator.github.com wss://alive.github.com; font-src github.githubassets.com; form-action 'self' github.com gist.github.com objects-origin.githubusercontent.com; frame-ancestors 'none'; frame-src render.githubusercontent.com viewscreen.githubusercontent.com notebooks.githubusercontent.com; img-src 'self' data: github.githubassets.com identicons.github.com collector.githubapp.com github-cloud.s3.amazonaws.com secured-user-images.githubusercontent.com/ *.githubusercontent.com; manifest-src 'self'; media-src github.com user-images.githubusercontent.com/; script-src github.githubassets.com; style-src 'unsafe-inline' github.githubassets.com; worker-src github.com/assets-cdn/worker/ gist.github.com/assets-cdn/worker/","x-github-request-id":"DE03:DDAC:1723D6:18337D:61F81420"}
[debug] [2022-01-31T16:53:53.599Z] >>> [apiv2][query] GET https://api.github.com/user [none]
[debug] [2022-01-31T16:53:53.957Z] <<< [apiv2][status] GET https://api.github.com/user 200
[debug] [2022-01-31T16:53:53.958Z] <<< [apiv2][body] GET https://api.github.com/user {"login":"ayseldilan","id":83372761,"node_id":"MDQ6VXNlcjgzMzcyNzYx","avatar_url":"https://avatars.githubusercontent.com/u/83372761?v=4","gravatar_id":"","url":"https://api.github.com/users/ayseldilan","html_url":"https://github.com/ayseldilan","followers_url":"https://api.github.com/users/ayseldilan/followers","following_url":"https://api.github.com/users/ayseldilan/following{/other_user}","gists_url":"https://api.github.com/users/ayseldilan/gists{/gist_id}","starred_url":"https://api.github.com/users/ayseldilan/starred{/owner}{/repo}","subscriptions_url":"https://api.github.com/users/ayseldilan/subscriptions","organizations_url":"https://api.github.com/users/ayseldilan/orgs","repos_url":"https://api.github.com/users/ayseldilan/repos","events_url":"https://api.github.com/users/ayseldilan/events{/privacy}","received_events_url":"https://api.github.com/users/ayseldilan/received_events","type":"User","site_admin":false,"name":"Ayseldilan","company":null,"blog":"","location":"London","email":null,"hireable":null,"bio":".","twitter_username":"dilan_coding","public_repos":28,"public_gists":0,"followers":15,"following":21,"created_at":"2021-04-28T20:16:14Z","updated_at":"2021-12-29T12:18:14Z","private_gists":0,"total_private_repos":20,"owned_private_repos":16,"disk_usage":89960,"collaborators":0,"two_factor_authentication":false,"plan":{"name":"free","space":976562499,"collaborators":0,"private_repos":10000}}
[info] 
[info] +  Success! Logged into GitHub as ayseldilan 
[info] 
[debug] [2022-01-31T16:54:20.372Z] >>> [apiv2][query] GET https://api.github.com/repos/ayseldilan/shopping/tree/main/amazon-clone/actions/secrets/public-key type=owner
[debug] [2022-01-31T16:54:20.635Z] <<< [apiv2][status] GET https://api.github.com/repos/ayseldilan/shopping/tree/main/amazon-clone/actions/secrets/public-key 404
[debug] [2022-01-31T16:54:20.636Z] <<< [apiv2][body] GET https://api.github.com/repos/ayseldilan/shopping/tree/main/amazon-clone/actions/secrets/public-key {"message":"Not Found","documentation_url":"https://docs.github.com/rest"}
[debug] [2022-01-31T16:54:27.290Z] >>> [apiv2][query] GET https://api.github.com/repos/ayseldilan/shopping/tree/main/amazon-clone/actions/secrets/public-key type=owner
[debug] [2022-01-31T16:54:27.526Z] <<< [apiv2][status] GET https://api.github.com/repos/ayseldilan/shopping/tree/main/amazon-clone/actions/secrets/public-key 404
[debug] [2022-01-31T16:54:27.527Z] <<< [apiv2][body] GET https://api.github.com/repos/ayseldilan/shopping/tree/main/amazon-clone/actions/secrets/public-key {"message":"Not Found","documentation_url":"https://docs.github.com/rest"}
[debug] [2022-01-31T16:54:28.428Z] >>> [apiv2][query] GET https://api.github.com/repos/ayseldilan/shopping/tree/main/amazon-clone/actions/secrets/public-key type=owner
[debug] [2022-01-31T16:54:28.653Z] <<< [apiv2][status] GET https://api.github.com/repos/ayseldilan/shopping/tree/main/amazon-clone/actions/secrets/public-key 404
[debug] [2022-01-31T16:54:28.653Z] <<< [apiv2][body] GET https://api.github.com/repos/ayseldilan/shopping/tree/main/amazon-clone/actions/secrets/public-key {"message":"Not Found","documentation_url":"https://docs.github.com/rest"}
[debug] [2022-01-31T16:54:33.002Z] >>> [apiv2][query] GET https://api.github.com/repos/ayseldilan/shopping/tree/main/amazon-clone/actions/secrets/public-key type=owner
[debug] [2022-01-31T16:54:33.236Z] <<< [apiv2][status] GET https://api.github.com/repos/ayseldilan/shopping/tree/main/amazon-clone/actions/secrets/public-key 404
[debug] [2022-01-31T16:54:33.236Z] <<< [apiv2][body] GET https://api.github.com/repos/ayseldilan/shopping/tree/main/amazon-clone/actions/secrets/public-key {"message":"Not Found","documentation_url":"https://docs.github.com/rest"}
[debug] [2022-01-31T16:55:14.043Z] >>> [apiv2][query] GET https://api.github.com/repos/ayseldilan/shopping/amazon-clone/actions/secrets/public-key type=owner
[debug] [2022-01-31T16:55:14.288Z] <<< [apiv2][status] GET https://api.github.com/repos/ayseldilan/shopping/amazon-clone/actions/secrets/public-key 404
[debug] [2022-01-31T16:55:14.288Z] <<< [apiv2][body] GET https://api.github.com/repos/ayseldilan/shopping/amazon-clone/actions/secrets/public-key {"message":"Not Found","documentation_url":"https://docs.github.com/rest"}
[debug] [2022-01-31T16:55:14.835Z] >>> [apiv2][query] GET https://api.github.com/repos/ayseldilan/shopping/amazon-clone/actions/secrets/public-key type=owner
[debug] [2022-01-31T16:55:14.995Z] >>> [apiv2][query] GET https://api.github.com/repos//actions/secrets/public-key type=owner
[debug] [2022-01-31T16:55:15.057Z] <<< [apiv2][status] GET https://api.github.com/repos/ayseldilan/shopping/amazon-clone/actions/secrets/public-key 404
[debug] [2022-01-31T16:55:15.058Z] <<< [apiv2][body] GET https://api.github.com/repos/ayseldilan/shopping/amazon-clone/actions/secrets/public-key {"message":"Not Found","documentation_url":"https://docs.github.com/rest"}
[debug] [2022-01-31T16:55:15.145Z] >>> [apiv2][query] GET https://api.github.com/repos/ayseldilan/shopping/amazon-clone/actions/secrets/public-key type=owner
[debug] [2022-01-31T16:55:15.204Z] <<< [apiv2][status] GET https://api.github.com/repos//actions/secrets/public-key 404
[debug] [2022-01-31T16:55:15.204Z] <<< [apiv2][body] GET https://api.github.com/repos//actions/secrets/public-key {"message":"Not Found","documentation_url":"https://docs.github.com/rest"}
[debug] [2022-01-31T16:55:15.281Z] >>> [apiv2][query] GET https://api.github.com/repos//actions/secrets/public-key type=owner
[debug] [2022-01-31T16:55:15.373Z] <<< [apiv2][status] GET https://api.github.com/repos/ayseldilan/shopping/amazon-clone/actions/secrets/public-key 404
[debug] [2022-01-31T16:55:15.373Z] <<< [apiv2][body] GET https://api.github.com/repos/ayseldilan/shopping/amazon-clone/actions/secrets/public-key {"message":"Not Found","documentation_url":"https://docs.github.com/rest"}
[debug] [2022-01-31T16:55:15.505Z] <<< [apiv2][status] GET https://api.github.com/repos//actions/secrets/public-key 404
[debug] [2022-01-31T16:55:15.505Z] <<< [apiv2][body] GET https://api.github.com/repos//actions/secrets/public-key {"message":"Not Found","documentation_url":"https://docs.github.com/rest"}
[debug] [2022-01-31T16:57:22.978Z] >>> [apiv2][query] GET https://api.github.com/repos//actions/secrets/public-key type=owner
[debug] [2022-01-31T16:57:23.212Z] <<< [apiv2][status] GET https://api.github.com/repos//actions/secrets/public-key 404
[debug] [2022-01-31T16:57:23.212Z] <<< [apiv2][body] GET https://api.github.com/repos//actions/secrets/public-key {"message":"Not Found","documentation_url":"https://docs.github.com/rest"}
